<?xml version="1.0" encoding="UTF-8"?>
<testsuite xmlns:xsi="http://www.w3.org/2001/XMLSchema-instance" xsi:schemaLocation="https://maven.apache.org/surefire/maven-surefire-plugin/xsd/surefire-test-report.xsd" name="TestSuite" time="143.117" tests="1" errors="0" skipped="0" failures="1">
  <properties>
[...]
</properties>
  <testcase name="feature" classname="com.cucumberFramework.testRunner.TestRunner" time="139.64">
    <failure message="org.openqa.selenium.NoSuchElementException: no such element: Unable to locate element: {&quot;method&quot;:&quot;xpath&quot;,&quot;selector&quot;:&quot;//div[starts-with(@class,&apos;sg-col-4&apos;)]/div[@class=&apos;sg-col-inner&apos;]/div/h5/a&quot;}&#10;  (Session info: chrome=75.0.3770.142)&#10;  (Driver info: chromedriver=2.38.552522 (437e6fbedfa8762dec75e2c5b3ddb86763dc9dcb),platform=Windows NT 10.0.17134 x86_64) (WARNING: The server did not provide any stacktrace information)&#10;Command duration or timeout: 0 milliseconds&#10;For documentation on this error, please visit: http://seleniumhq.org/exceptions/no_such_element.html&#10;Build info: version: &apos;3.11.0&apos;, revision: &apos;e59cfb3&apos;, time: &apos;2018-03-11T20:26:55.152Z&apos;&#10;System info: host: &apos;A303598&apos;, ip: &apos;192.168.137.1&apos;, os.name: &apos;Windows 10&apos;, os.arch: &apos;amd64&apos;, os.version: &apos;10.0&apos;, java.version: &apos;1.8.0_181&apos;&#10;Driver info: org.openqa.selenium.chrome.ChromeDriver&#10;Capabilities {acceptInsecureCerts: false, acceptSslCerts: false, applicationCacheEnabled: false, browserConnectionEnabled: false, browserName: chrome, chrome: {chromedriverVersion: 2.38.552522 (437e6fbedfa876..., userDataDir: C:\Users\negiro\AppData\Loc...}, cssSelectorsEnabled: true, databaseEnabled: false, handlesAlerts: true, hasTouchScreen: false, javascriptEnabled: true, locationContextEnabled: true, mobileEmulationEnabled: false, nativeEvents: true, networkConnectionEnabled: false, pageLoadStrategy: normal, platform: XP, platformName: XP, rotatable: false, setWindowRect: true, takesHeapSnapshot: true, takesScreenshot: true, unexpectedAlertBehaviour: , unhandledPromptBehavior: , version: 75.0.3770.142, webStorageEnabled: true}&#10;Session ID: 87457ddf04dcb99a23faaec0f18c5201&#10;*** Element info: {Using=xpath, value=//div[starts-with(@class,&apos;sg-col-4&apos;)]/div[@class=&apos;sg-col-inner&apos;]/div/h5/a}" type="cucumber.runtime.CucumberException">cucumber.runtime.CucumberException: 
org.openqa.selenium.NoSuchElementException: no such element: Unable to locate element: {"method":"xpath","selector":"//div[starts-with(@class,'sg-col-4')]/div[@class='sg-col-inner']/div/h5/a"}
  (Session info: chrome=75.0.3770.142)
  (Driver info: chromedriver=2.38.552522 (437e6fbedfa8762dec75e2c5b3ddb86763dc9dcb),platform=Windows NT 10.0.17134 x86_64) (WARNING: The server did not provide any stacktrace information)
Command duration or timeout: 0 milliseconds
For documentation on this error, please visit: http://seleniumhq.org/exceptions/no_such_element.html
Build info: version: '3.11.0', revision: 'e59cfb3', time: '2018-03-11T20:26:55.152Z'
System info: host: 'A303598', ip: '192.168.137.1', os.name: 'Windows 10', os.arch: 'amd64', os.version: '10.0', java.version: '1.8.0_181'
Driver info: org.openqa.selenium.chrome.ChromeDriver
Capabilities {acceptInsecureCerts: false, acceptSslCerts: false, applicationCacheEnabled: false, browserConnectionEnabled: false, browserName: chrome, chrome: {chromedriverVersion: 2.38.552522 (437e6fbedfa876..., userDataDir: C:\Users\negiro\AppData\Loc...}, cssSelectorsEnabled: true, databaseEnabled: false, handlesAlerts: true, hasTouchScreen: false, javascriptEnabled: true, locationContextEnabled: true, mobileEmulationEnabled: false, nativeEvents: true, networkConnectionEnabled: false, pageLoadStrategy: normal, platform: XP, platformName: XP, rotatable: false, setWindowRect: true, takesHeapSnapshot: true, takesScreenshot: true, unexpectedAlertBehaviour: , unhandledPromptBehavior: , version: 75.0.3770.142, webStorageEnabled: true}
Session ID: 87457ddf04dcb99a23faaec0f18c5201
*** Element info: {Using=xpath, value=//div[starts-with(@class,'sg-col-4')]/div[@class='sg-col-inner']/div/h5/a}
	at com.cucumberFramework.testRunner.TestRunner.feature(TestRunner.java:27)
Caused by: org.openqa.selenium.NoSuchElementException: 
no such element: Unable to locate element: {"method":"xpath","selector":"//div[starts-with(@class,'sg-col-4')]/div[@class='sg-col-inner']/div/h5/a"}
  (Session info: chrome=75.0.3770.142)
  (Driver info: chromedriver=2.38.552522 (437e6fbedfa8762dec75e2c5b3ddb86763dc9dcb),platform=Windows NT 10.0.17134 x86_64) (WARNING: The server did not provide any stacktrace information)
Command duration or timeout: 0 milliseconds
For documentation on this error, please visit: http://seleniumhq.org/exceptions/no_such_element.html
Build info: version: '3.11.0', revision: 'e59cfb3', time: '2018-03-11T20:26:55.152Z'
System info: host: 'A303598', ip: '192.168.137.1', os.name: 'Windows 10', os.arch: 'amd64', os.version: '10.0', java.version: '1.8.0_181'
Driver info: org.openqa.selenium.chrome.ChromeDriver
Capabilities {acceptInsecureCerts: false, acceptSslCerts: false, applicationCacheEnabled: false, browserConnectionEnabled: false, browserName: chrome, chrome: {chromedriverVersion: 2.38.552522 (437e6fbedfa876..., userDataDir: C:\Users\negiro\AppData\Loc...}, cssSelectorsEnabled: true, databaseEnabled: false, handlesAlerts: true, hasTouchScreen: false, javascriptEnabled: true, locationContextEnabled: true, mobileEmulationEnabled: false, nativeEvents: true, networkConnectionEnabled: false, pageLoadStrategy: normal, platform: XP, platformName: XP, rotatable: false, setWindowRect: true, takesHeapSnapshot: true, takesScreenshot: true, unexpectedAlertBehaviour: , unhandledPromptBehavior: , version: 75.0.3770.142, webStorageEnabled: true}
Session ID: 87457ddf04dcb99a23faaec0f18c5201
*** Element info: {Using=xpath, value=//div[starts-with(@class,'sg-col-4')]/div[@class='sg-col-inner']/div/h5/a}
</failure>
    <system-out><![CDATA[2019-08-04 02:08:872 INFO  WaitHelper :21 - waiting for element visibilityOf..
2019-08-04 02:08:87 INFO  WaitHelper :24 - element is visible..
2019-08-04 02:08:793 INFO  WaitHelper :21 - waiting for element visibilityOf..
2019-08-04 02:08:904 INFO  WaitHelper :24 - element is visible..
2019-08-04 02:08:125 INFO  ServiceHooks :34 - Login into the application with valid credentials is Failed
2019-08-04 02:08:475 INFO  WaitHelper :21 - waiting for element visibilityOf..
2019-08-04 02:08:558 INFO  WaitHelper :24 - element is visible..
2019-08-04 02:08:273 INFO  WaitHelper :21 - waiting for element visibilityOf..
2019-08-04 02:08:344 INFO  WaitHelper :24 - element is visible..
2019-08-04 02:08:457 INFO  ServiceHooks :43 - Searching different products after login is pass
2019-08-04 02:08:750 INFO  WaitHelper :21 - waiting for element visibilityOf..
2019-08-04 02:08:886 INFO  WaitHelper :24 - element is visible..
2019-08-04 02:08:405 INFO  WaitHelper :21 - waiting for element visibilityOf..
2019-08-04 02:08:497 INFO  WaitHelper :24 - element is visible..
2019-08-04 02:08:624 INFO  ServiceHooks :43 - Searching different products after login is pass
2019-08-04 02:08:258 INFO  WaitHelper :21 - waiting for element visibilityOf..
2019-08-04 02:08:407 INFO  WaitHelper :24 - element is visible..
2019-08-04 02:08:170 INFO  WaitHelper :21 - waiting for element visibilityOf..
2019-08-04 02:08:297 INFO  WaitHelper :24 - element is visible..
2019-08-04 02:08:625 INFO  ServiceHooks :43 - Searching different products after login is pass
]]></system-out>
    <system-err><![CDATA[SLF4J: Failed to load class "org.slf4j.impl.StaticLoggerBinder".
SLF4J: Defaulting to no-operation (NOP) logger implementation
SLF4J: See http://www.slf4j.org/codes.html#StaticLoggerBinder for further details.
Starting ChromeDriver 2.38.552522 (437e6fbedfa8762dec75e2c5b3ddb86763dc9dcb) on port 25680
Only local connections are allowed.
Aug 04, 2019 2:03:37 AM org.openqa.selenium.remote.ProtocolHandshake createSession
INFO: Detected dialect: OSS
Starting ChromeDriver 2.38.552522 (437e6fbedfa8762dec75e2c5b3ddb86763dc9dcb) on port 42167
Only local connections are allowed.
Aug 04, 2019 2:04:23 AM org.openqa.selenium.remote.ProtocolHandshake createSession
INFO: Detected dialect: OSS
Starting ChromeDriver 2.38.552522 (437e6fbedfa8762dec75e2c5b3ddb86763dc9dcb) on port 23532
Only local connections are allowed.
Aug 04, 2019 2:04:54 AM org.openqa.selenium.remote.ProtocolHandshake createSession
INFO: Detected dialect: OSS
Starting ChromeDriver 2.38.552522 (437e6fbedfa8762dec75e2c5b3ddb86763dc9dcb) on port 45501
Only local connections are allowed.
Aug 04, 2019 2:05:23 AM org.openqa.selenium.remote.ProtocolHandshake createSession
INFO: Detected dialect: OSS
]]></system-err>
  </testcase>
</testsuite>